
/home/runner/work/exp-sensitivity-analysis-iitb/exp-sensitivity-analysis-iitb/experiment/simulation/common_libraries/js/ts_components/collapse_step.js
   1:10  warning  'show_step' is defined but never used                 no-unused-vars
   2:5   warning  '$' is not defined                                    no-undef
   3:9   warning  '$' is not defined                                    no-undef
   6:10  warning  'hide_step' is defined but never used                 no-unused-vars
   7:5   warning  '$' is not defined                                    no-undef
   8:9   warning  '$' is not defined                                    no-undef
  11:10  warning  'get_collapse_btn_text' is defined but never used     no-unused-vars
  20:10  warning  'get_collapse_btn_element' is defined but never used  no-unused-vars
  29:10  warning  'hide_all_steps' is defined but never used            no-unused-vars
  31:9   warning  '$' is not defined                                    no-undef

/home/runner/work/exp-sensitivity-analysis-iitb/exp-sensitivity-analysis-iitb/experiment/simulation/common_libraries/js/ts_components/matrix.js
   27:26  warning  'MathJax' is not defined                                no-undef
   32:7   warning  'Matrix_Without_String' is defined but never used       no-unused-vars
   52:26  warning  'MathJax' is not defined                                no-undef
   56:10  warning  'get_matrix_html' is defined but never used             no-unused-vars
   87:13  warning  'row_html' is assigned a value but never used           no-unused-vars
   99:10  warning  'get_matrix_html_with_title' is defined but never used  no-unused-vars
  131:13  warning  'row_html' is assigned a value but never used           no-unused-vars
  143:10  warning  'convert_2d_to_1d_vector' is defined but never used     no-unused-vars
  156:10  warning  'convert_1d_to_2d_matrix' is defined but never used     no-unused-vars

/home/runner/work/exp-sensitivity-analysis-iitb/exp-sensitivity-analysis-iitb/experiment/simulation/common_libraries/js/ts_components/pannel.js
  8:7  warning  'Pannel' is defined but never used  no-unused-vars

/home/runner/work/exp-sensitivity-analysis-iitb/exp-sensitivity-analysis-iitb/experiment/simulation/common_libraries/js/ts_components/questions.js
   6:17  warning  'op1' is assigned a value but never used      no-unused-vars
   7:17  warning  'op2' is assigned a value but never used      no-unused-vars
   8:17  warning  'op3' is assigned a value but never used      no-unused-vars
   9:17  warning  'op4' is assigned a value but never used      no-unused-vars
  94:7   warning  'Question_Options' is defined but never used  no-unused-vars

/home/runner/work/exp-sensitivity-analysis-iitb/exp-sensitivity-analysis-iitb/experiment/simulation/common_libraries/js/ts_components/tables.js
   19:22  warning  'verify_values' is not defined                                     no-undef
  137:22  warning  'verify_values' is not defined                                     no-undef
  260:7   warning  'Verify_Rows_Cols_6_decimal_places' is defined but never used      no-unused-vars
  311:22  warning  'verify_values' is not defined                                     no-undef
  416:7   warning  'Verify_Rows_Cols_Custom_Fixed_Update1' is defined but never used  no-unused-vars
  468:7   warning  'Show_Table_Custom_Fixed' is defined but never used                no-unused-vars
  506:7   warning  'Verify_Rows_Cols_Strings' is defined but never used               no-unused-vars
  527:22  warning  'verify_values' is not defined                                     no-undef
  663:7   warning  'Display_Table' is defined but never used                          no-unused-vars

/home/runner/work/exp-sensitivity-analysis-iitb/exp-sensitivity-analysis-iitb/experiment/simulation/common_libraries/js/ts_math_library/general_math_functions.js
    1:10  warning  'verify_values' is defined but never used                   no-unused-vars
   17:10  warning  'random1' is defined but never used                         no-unused-vars
   21:10  warning  'std_deviation' is defined but never used                   no-unused-vars
   26:10  warning  'gauss' is defined but never used                           no-unused-vars
   56:10  warning  'hide_panel' is defined but never used                      no-unused-vars
   63:10  warning  'inverse_matrix' is defined but never used                  no-unused-vars
   96:10  warning  'matrix_multiplication' is defined but never used           no-unused-vars
  113:10  warning  'transpose_matrix' is defined but never used                no-unused-vars
  123:10  warning  'matrix_multiplication_8decimal' is defined but never used  no-unused-vars
  140:10  warning  'adjoint_2x2_matrix' is defined but never used              no-unused-vars
  145:10  warning  'find_deteminant' is defined but never used                 no-unused-vars
  174:10  warning  'get_Submatrix' is defined but never used                   no-unused-vars

/home/runner/work/exp-sensitivity-analysis-iitb/exp-sensitivity-analysis-iitb/experiment/simulation/common_libraries/js/ts_math_library/regression.js
   1:10  warning  'regression_linear' is defined but never used            no-unused-vars
  18:10  warning  'regression_linear_1variable' is defined but never used  no-unused-vars
  27:10  warning  'regression_linear_2variable' is defined but never used  no-unused-vars
  52:11  warning  'gauss' is not defined                                   no-undef

/home/runner/work/exp-sensitivity-analysis-iitb/exp-sensitivity-analysis-iitb/experiment/simulation/common_libraries/math.ob.js
  1:745  warning  'b' is already defined  no-redeclare

/home/runner/work/exp-sensitivity-analysis-iitb/exp-sensitivity-analysis-iitb/experiment/simulation/js/activity1.js
   18:24   warning  'MathJax' is not defined                       no-undef
   21:10   warning  'start_act1' is defined but never used         no-unused-vars
   26:20   warning  'get_collapse_btn_text' is not defined         no-undef
   30:115  warning  'get_matrix_html_with_title' is not defined    no-undef
   30:148  warning  'mat_c' is not defined                         no-undef
   43:27   warning  'mat_c' is not defined                         no-undef
   44:5    warning  'mat_c' is not defined                         no-undef
   44:13   warning  'convert_2d_to_1d_vector' is not defined       no-undef
   44:37   warning  'mat_c' is not defined                         no-undef
   45:25   warning  'mat_c' is not defined                         no-undef
   46:9    warning  'one_norm' is not defined                      no-undef
   46:20   warning  'one_norm' is not defined                      no-undef
   46:40   warning  'mat_c' is not defined                         no-undef
   47:9    warning  'two_norm_sqr' is not defined                  no-undef
   47:24   warning  'two_norm_sqr' is not defined                  no-undef
   47:57   warning  'mat_c' is not defined                         no-undef
   48:9    warning  'two_norm' is not defined                      no-undef
   48:30   warning  'two_norm_sqr' is not defined                  no-undef
   49:9    warning  'temp_c' is not defined                        no-undef
   49:30   warning  'mat_c' is not defined                         no-undef
   51:5    warning  'inf_norm' is not defined                      no-undef
   51:28   warning  'temp_c' is not defined                        no-undef
   52:28   warning  'mat_c' is not defined                         no-undef
   53:31   warning  'one_norm' is not defined                      no-undef
   54:34   warning  'two_norm' is not defined                      no-undef
   55:36   warning  'inf_norm' is not defined                      no-undef
   56:5    warning  'mat_c' is not defined                         no-undef
   56:13   warning  'convert_1d_to_2d_matrix' is not defined       no-undef
   56:37   warning  'mat_c' is not defined                         no-undef
   58:5    warning  'hide_all_steps' is not defined                no-undef
   59:5    warning  'show_step' is not defined                     no-undef
   61:24   warning  'MathJax' is not defined                       no-undef
   63:10   warning  'verify_norm' is defined but never used        no-unused-vars
   69:10   warning  'verify_values' is not defined                 no-undef
   69:55   warning  'one_norm' is not defined                      no-undef
   74:10   warning  'verify_values' is not defined                 no-undef
   74:55   warning  'two_norm' is not defined                      no-undef
   79:10   warning  'verify_values' is not defined                 no-undef
   79:55   warning  'inf_norm' is not defined                      no-undef
   94:30   warning  'one_norm' is not defined                      no-undef
   96:30   warning  'two_norm' is not defined                      no-undef
   98:30   warning  'inf_norm' is not defined                      no-undef
  107:21   warning  'get_collapse_btn_text' is not defined         no-undef
  111:115  warning  'get_matrix_html_with_title' is not defined    no-undef
  111:148  warning  'mat_a' is not defined                         no-undef
  122:27   warning  'mat_a' is not defined                         no-undef
  123:9    warning  'col_sum1' is assigned a value but never used  no-unused-vars
  124:9    warning  'col_sum2' is assigned a value but never used  no-unused-vars
  125:9    warning  'col_sum3' is assigned a value but never used  no-unused-vars
  126:9    warning  'row_sum1' is assigned a value but never used  no-unused-vars
  127:9    warning  'row_sum2' is assigned a value but never used  no-unused-vars
  128:9    warning  'row_sum3' is assigned a value but never used  no-unused-vars
  129:25   warning  'mat_a' is not defined                         no-undef
  130:9    warning  'sum_one_norm' is not defined                  no-undef
  131:29   warning  'mat_a' is not defined                         no-undef
  132:13   warning  'sum_one_norm' is not defined                  no-undef
  132:41   warning  'mat_a' is not defined                         no-undef
  135:5    warning  'mat_one_norm' is not defined                  no-undef
  135:32   warning  'sum_one_norm' is not defined                  no-undef
  136:31   warning  'mat_one_norm' is not defined                  no-undef
  137:25   warning  'mat_a' is not defined                         no-undef
  138:9    warning  'sum_inf_norm' is not defined                  no-undef
  139:29   warning  'mat_a' is not defined                         no-undef
  140:13   warning  'sum_inf_norm' is not defined                  no-undef
  140:41   warning  'mat_a' is not defined                         no-undef
  143:5    warning  'mat_inf_norm' is not defined                  no-undef
  143:32   warning  'sum_inf_norm' is not defined                  no-undef
  144:31   warning  'mat_inf_norm' is not defined                  no-undef
  156:5    warning  'hide_all_steps' is not defined                no-undef
  157:5    warning  'show_step' is not defined                     no-undef
  159:24   warning  'MathJax' is not defined                       no-undef
  161:10   warning  'verify_mat_norm' is defined but never used    no-unused-vars
  166:10   warning  'verify_values' is not defined                 no-undef
  166:59   warning  'mat_one_norm' is not defined                  no-undef
  171:10   warning  'verify_values' is not defined                 no-undef
  171:59   warning  'mat_inf_norm' is not defined                  no-undef

/home/runner/work/exp-sensitivity-analysis-iitb/exp-sensitivity-analysis-iitb/experiment/simulation/js/activity2.js
   1:10   warning  'activity2' is defined but never used         no-unused-vars
  16:5    warning  'maindiv' is not defined                      no-undef
  18:24   warning  'MathJax' is not defined                      no-undef
  20:10   warning  'start_act2' is defined but never used        no-unused-vars
  25:28   warning  'get_matrix_html_with_title' is not defined   no-undef
  42:20   warning  'get_collapse_btn_text' is not defined        no-undef
  47:44   warning  'get_matrix_html_with_title' is not defined   no-undef
  47:77   warning  'mat_a' is not defined                        no-undef
  47:182  warning  'get_matrix_html_with_title' is not defined   no-undef
  47:215  warning  'mat_c' is not defined                        no-undef
  59:5    warning  'maindiv' is not defined                      no-undef
  60:5    warning  'hide_all_steps' is not defined               no-undef
  61:5    warning  'show_step' is not defined                    no-undef
  62:24   warning  'MathJax' is not defined                      no-undef
  66:12   warning  'mat_c' is not defined                        no-undef
  67:12   warning  'mat_c' is not defined                        no-undef
  68:12   warning  'mat_c' is not defined                        no-undef
  69:5    warning  'mat_x1' is not defined                       no-undef
  69:14   warning  'iterate' is not defined                      no-undef
  69:22   warning  'mat_a' is not defined                        no-undef
  70:5    warning  'mat_c' is not defined                        no-undef
  71:5    warning  'mat_c' is not defined                        no-undef
  73:10   warning  'verify_matrix_ut' is defined but never used  no-unused-vars
  76:9    warning  'inp_c' is defined but never used             no-unused-vars
  77:33   warning  'mat_x1' is not defined                       no-undef
  82:18   warning  'verify_values_abs' is not defined            no-undef
  82:61   warning  'mat_x1' is not defined                       no-undef
  90:5    warning  'start_act3' is not defined                   no-undef
  94:43   warning  'get_matrix_html_with_title' is not defined   no-undef
  94:77   warning  'mat_x1' is not defined                       no-undef

/home/runner/work/exp-sensitivity-analysis-iitb/exp-sensitivity-analysis-iitb/experiment/simulation/js/activity3.js
  17:10   warning  'start_act3' is defined but never used   no-unused-vars
  22:20   warning  'get_collapse_btn_text' is not defined   no-undef
  29:62   warning  'get_matrix_html' is not defined         no-undef
  29:86   warning  'mat_x1' is not defined                  no-undef
  29:93   warning  'mat_x1' is not defined                  no-undef
  29:118  warning  'mat_x1' is not defined                  no-undef
  29:125  warning  'mat_x1' is not defined                  no-undef
  29:151  warning  'mat_x1' is not defined                  no-undef
  29:158  warning  'mat_x1' is not defined                  no-undef
  38:5    warning  'maindiv' is not defined                 no-undef
  39:5    warning  'hide_all_steps' is not defined          no-undef
  40:5    warning  'show_step' is not defined               no-undef
  42:24   warning  'MathJax' is not defined                 no-undef
  74:10   warning  'finish_act3' is defined but never used  no-unused-vars
  76:5    warning  'maindiv' is not defined                 no-undef

/home/runner/work/exp-sensitivity-analysis-iitb/exp-sensitivity-analysis-iitb/experiment/simulation/js/data.js
  48:5   warning  'mat_x' is assigned a value but never used         no-unused-vars
  49:5   warning  'mat_x1' is assigned a value but never used        no-unused-vars
  51:10  warning  'verify_values_abs' is defined but never used      no-unused-vars
  64:5   warning  'one_norm' is assigned a value but never used      no-unused-vars
  65:5   warning  'two_norm_sqr' is assigned a value but never used  no-unused-vars
  66:5   warning  'two_norm' is assigned a value but never used      no-unused-vars
  67:5   warning  'inf_norm' is assigned a value but never used      no-unused-vars
  68:5   warning  'temp_c' is assigned a value but never used        no-unused-vars
  69:5   warning  'mat_one_norm' is defined but never used           no-unused-vars
  70:5   warning  'sum_one_norm' is assigned a value but never used  no-unused-vars
  71:5   warning  'mat_inf_norm' is defined but never used           no-unused-vars
  72:5   warning  'sum_inf_norm' is assigned a value but never used  no-unused-vars

/home/runner/work/exp-sensitivity-analysis-iitb/exp-sensitivity-analysis-iitb/experiment/simulation/js/gauss_ele.js
  36:10  warning  'back_sub' is defined but never used   no-unused-vars
  48:10  warning  'gauss_ele' is defined but never used  no-unused-vars

/home/runner/work/exp-sensitivity-analysis-iitb/exp-sensitivity-analysis-iitb/experiment/simulation/js/jacobi.js
  1:10  warning  'iterate' is defined but never used  no-unused-vars

/home/runner/work/exp-sensitivity-analysis-iitb/exp-sensitivity-analysis-iitb/experiment/simulation/js/screen_size.js
  1:10  warning  'set_screen_size' is defined but never used  no-unused-vars

✖ 188 problems (0 errors, 188 warnings)

